beaus 1, BASIC 0, 
DARPA 1, 
beers 1, ASCII 0, 
begin 2, ALGOL 0, COBOL 0, 
SPARC 1, 
PHIGS 1, 
MITRE 1, 
FORTH 1, 
TENEX 1, 
NASAs 1, 
NATOs 1, 
GOTOs 1, 
LaTeX 1, 
McGee 1, 
McKee 1, 
Sino- 1, 
blood 2, Ababa 0, VAXes 0, 
Dacca 1, 
L'vov 1, 
Decca 1, 
blurs 1, Babka 0, 
blush 1, Beebe 0, 
McKay 1, 
boats 3, Babel 0, Habib 0, Hedda 0, 
Caleb 1, 
Dhabi 1, 
Haifa 2, Mecca 0, 
Accra 0, Baden 0, 
Adele 2, Bambi 0, Eddie 0, McCoy 0, 
Eagan 2, Medea 0, 
bolts 4, Aggie 0, Deane 0, Diana 0, Nadia 0, 
Alice 6, Bible 0, Celia 0, Debra 0, Deneb 0, Kafka 0, Laban 0, Mafia 0, 
Amiga 5, Berea 0, Blake 0, Delia 0, Effie 0, Ghana 0, Jacob 0, 
Alcoa 4, Aleck 0, Bella 0, Caine 0, Cecil 0, Faber 0, 
Adair 7, Bayda 0, Carib 0, Chang 0, Diane 0, Helga 0, Isaac 0, Kidde 0, Mabel 0, 
Allah 2, Baird 0, Basic 0, Della 0, 
bonny 13, Abram 0, Bragg 0, Carla 0, China 0, Clara 0, Dakar 0, Defoe 0, Dirac 0, Edgar 0, Hagen 0, Hamal 0, Iliad 0, Occam 0, 
Alden 4, Angie 0, Basie 0, Dinah 0, Fidel 0, Scala 0, 
booby 11, Addis 0, Brice 0, Cheng 0, Chile 0, Deere 0, Elena 0, Fagin 0, Hades 0, Hegel 0, Idaho 0, India 0, 
Adams 11, Aides 0, Babul 0, Bulba 0, Circe 0, Craig 0, Debby 0, Delhi 0, Graff 0, Hanna 0, Jaime 0, Omaha 0, Sadie 0, 
booms 14, Basel 0, Clare 0, Gabon 0, Galen 0, Gemma 0, Geoff 0, Gibbs 0, Golda 0, Hager 0, Lange 0, Lanka 0, Leila 0, Peale 0, Xebec 0, 
Abner 9, Adler 0, Aiken 0, Allan 0, Bilbo 0, Bloch 0, David 0, Diego 0, Dubhe 0, Ecole 0, Linda 0, 
boors 10, Arabs 0, Cabot 0, Ching 0, Cuban 0, Davie 0, Draco 0, Heine 0, Judea 0, Kajar 0, Leigh 0, 
Alamo 11, Amman 0, Andre 0, Arden 0, Blair 0, Dobbs 0, Genoa 0, Hague 0, Honda 0, Japan 0, Kodak 0, Maine 0, Rabat 0, 
Alger 15, Andes 0, Annie 0, Appia 0, Aruba 0, Buena 0, Chloe 0, Danes 0, Derek 0, Ellie 0, Engel 0, Engle 0, Erich 0, Magog 0, Reich 0, Snead 0, Wacke 0, 
Allen 11, Asian 0, Bairn 0, Berra 0, Biggs 0, Brian 0, Dante 0, Emile 0, Gregg 0, Helen 0, Hindi 0, Maude 0, Rabin 0, 
booty 19, Anita 0, Capet 0, Clark 0, Cohen 0, Czech 0, Duane 0, Enoch 0, Fahey 0, Gibby 0, Lamar 0, Leeds 0, Mardi 0, Mazda 0, Miami 0, Niobe 0, Ogden 0, Paine 0, Rican 0, Vance 0, 
Agnes 26, Becky 0, Buick 0, Cairo 0, Canis 0, Dolan 0, Edith 0, Fitch 0, Goode 0, Greek 0, Hobbs 0, Incas 0, Jakes 0, Jubal 0, Katie 0, Kuala 0, Lacey 0, Lemke 0, Locke 0, Lucia 0, Macon 0, Maier 0, Marie 0, Meiji 0, Midas 0, Pablo 0, Pease 0, Rhoda 0, 
Algol 26, Amoco 0, Araby 0, Banks 0, Bates 0, Bauer 0, Bosch 0, Cobol 0, Daley 0, Damon 0, Delft 0, Doria 0, Dugan 0, Elgin 0, Fargo 0, Frick 0, Haiti 0, Hanoi 0, Kabul 0, Leger 0, Leona 0, Malta 0, Nubia 0, Osaka 0, Raman 0, Renee 0, Sarah 0, Sneed 0, 
Brien 13, Donna 0, Ellen 0, Ethan 0, Gouda 0, Izaak 0, James 0, Nepal 0, Nobel 0, Siena 0, Spica 0, Tieck 0, Vidal 0, 
Aaron 20, Anglo 0, Atari 0, Barth 0, Brock 0, Bruce 0, Cajun 0, Carlo 0, Clyde 0, Cooke 0, Doric 0, Hiram 0, Hokan 0, Ibsen 0, Karen 0, Libya 0, Liman 0, Logan 0, Milan 0, Salle 0, Samoa 0, Tahoe 0, 
aback 29, adage 0, added 0, Agnew 0, Arlen 0, Armco 0, Boise 0, Boyce 0, Brady 0, Ceres 0, Eldon 0, Elsie 0, Ethel 0, Fiske 0, Hafiz 0, Hausa 0, Hicks 0, Jacky 0, Janet 0, Jolla 0, Korea 0, Lethe 0, Marco 0, Meier 0, Merck 0, Rhode 0, Sachs 0, Salem 0, Selma 0, Sofia 0, Udall 0, 
ahead 27, Asher 0, badge 0, beach 0, Blinn 0, Boone 0, cabal 0, Clive 0, Crete 0, Dixie 0, Ernie 0, faced 0, Fermi 0, Greta 0, Haley 0, Healy 0, Ilona 0, Inman 0, Irene 0, Klein 0, Kline 0, Leone 0, Lydia 0, Mobil 0, Parke 0, Paula 0, Rigel 0, Tampa 0, Welch 0, 
Aires 19, Aries 0, Bayes 0, Bette 0, Burch 0, cache 0, caged 0, Carey 0, Dijon 0, faded 0, Gates 0, Giles 0, Glenn 0, Hamey 0, Haydn 0, Malay 0, Naomi 0, Reese 0, Sinai 0, Tioga 0, Vella 0, 
abide 26, ached 0, Acton 0, Allis 0, Artie 0, Assam 0, Bryce 0, Busch 0, Casey 0, ceded 0, Cupid 0, Elmer 0, Gavin 0, Geigy 0, Greer 0, Haney 0, Janis 0, Julia 0, Keith 0, Merle 0, Milne 0, Mitch 0, Niger 0, Paoli 0, Ponce 0, Saran 0, Vince 0, Xenia 0, 
boron 23, Akers 0, Congo 0, Freud 0, Garth 0, Ghent 0, Henri 0, Huber 0, Iraqi 0, Islam 0, Jello 0, Lagos 0, Lenin 0, Margo 0, Mateo 0, Prado 0, Rhine 0, Rocco 0, Saudi 0, Simla 0, Tiber 0, Utica 0, Vegas 0, Verde 0, 
aided 28, Aztec 0, baked 0, beech 0, Burma 0, cable 0, chafe 0, Cindy 0, Creon 0, Davis 0, Eaton 0, Edwin 0, Freya 0, Grady 0, Hines 0, Jorge 0, Josef 0, Judas 0, Khmer 0, Krebs 0, Lares 0, Marin 0, Papua 0, Ralph 0, Rilke 0, Santa 0, Satan 0, Shari 0, Tamil 0, Waldo 0, 
Aesop 27, April 0, Bator 0, blade 0, Braun 0, caked 0, chaff 0, Claus 0, Cowan 0, Dutch 0, Dylan 0, Felix 0, Geary 0, Hesse 0, Hindu 0, Hondo 0, jaded 0, Keats 0, Kenya 0, Latin 0, Lucas 0, Maori 0, Mario 0, Nolan 0, Oscar 0, Perle 0, Swede 0, Tibet 0, Waals 0, 
bosun 20, Agway 0, Burke 0, Cathy 0, Chris 0, Colby 0, decal 0, edged 0, Ellis 0, Fiori 0, Fuchs 0, Jeres 0, Julie 0, Karol 0, laced 0, Nancy 0, Priam 0, Qatar 0, Vinci 0, Willa 0, Zomba 0, 
algae 26, Alvin 0, apace 0, Bantu 0, Clint 0, Costa 0, Danny 0, Dunne 0, Ewing 0, fable 0, Hayes 0, Hiatt 0, Ising 0, Jesse 0, Joyce 0, Knapp 0, maced 0, Miles 0, Pabst 0, Pecos 0, Pedro 0, Regis 0, Spahn 0, Teddy 0, Tosca 0, Verdi 0, Waite 0, Wilma 0, 
abode 29, adobe 0, Akron 0, Aleut 0, Ampex 0, Aryan 0, bagel 0, Boers 0, Bowen 0, Boyle 0, Brent 0, dance 0, Erato 0, faked 0, gable 0, Goren 0, Gould 0, Janos 0, Jason 0, Jonas 0, Kiowa 0, Koran 0, Loire 0, Menlo 0, Negro 0, Pauli 0, Shiva 0, Spain 0, Sudan 0, Yalta 0, Zaire 0, 
abase 19, Argos 0, beige 0, Benny 0, bleed 0, Bryan 0, Burne 0, Devon 0, egged 0, Fanny 0, Gauls 0, Grimm 0, Intel 0, Marcy 0, Nikko 0, Peggy 0, Riggs 0, Ruben 0, Silas 0, Stahl 0, Verna 0, 
abate 32, babes 0, began 0, black 0, Blatz 0, brace 0, cabin 0, Cappy 0, chide 0, Doyle 0, Eliot 0, embed 0, Euler 0, Evans 0, famed 0, Foote 0, glade 0, Godot 0, hedge 0, Hyman 0, Kevin 0, Leary 0, Micky 0, Moran 0, Norma 0, paced 0, Payne 0, Roman 0, Serra 0, Shoji 0, Sloan 0, Tanya 0, Vogel 0, Wolfe 0, 
abaft 32, agape 0, Alton 0, Angus 0, banal 0, bared 0, beard 0, belch 0, Bizet 0, bread 0, Bucky 0, check 0, coach 0, debar 0, Denny 0, Dewey 0, Duffy 0, eagle 0, Essen 0, farad 0, Finns 0, Floyd 0, gamed 0, Heinz 0, Levin 0, Marks 0, Mayer 0, nabla 0, peace 0, Sears 0, Terra 0, Torah 0, Wolff 0, Yemen 0, 
abash 26, Alsop 0, arced 0, based 0, beads 0, bleak 0, Boris 0, canal 0, cared 0, cedar 0, Chevy 0, chief 0, coded 0, Foley 0, ideal 0, Irish 0, Jones 0, Novak 0, Paris 0, Parsi 0, Poole 0, Popek 0, Punic 0, raced 0, Roger 0, Steen 0, Walsh 0, Weeks 0, 
adder 33, again 0, aimed 0, Ainus 0, Allyn 0, amide 0, Anton 0, Barry 0, bench 0, Bowes 0, Brest 0, Byrne 0, cased 0, cheek 0, dared 0, Dietz 0, dread 0, Emily 0, ended 0, Klaus 0, Kumar 0, label 0, Lindy 0, Loren 0, madam 0, Mavis 0, media 0, Peter 0, Piper 0, Plato 0, rabbi 0, Rubin 0, Texan 0, Titan 0, Verne 0, 
acted 33, alibi 0, amble 0, barge 0, belie 0, blame 0, bland 0, Brett 0, cease 0, cheap 0, Doris 0, eared 0, farce 0, fence 0, flack 0, Franz 0, gaped 0, Hirey 0, Janus 0, Kathy 0, Kelly 0, Keyes 0, Kirby 0, ledge 0, leech 0, Lyman 0, magic 0, Mills 0, Olsen 0, paged 0, Parks 0, Paulo 0, peach 0, Pepsi 0, Runge 0, 
agate 44, agile 0, Argus 0, basic 0, batch 0, braid 0, breed 0, Bundy 0, cafes 0, cager 0, camel 0, chick 0, cilia 0, circa 0, Corey 0, Crays 0, Darry 0, dated 0, Dixon 0, Durer 0, eased 0, Elton 0, Emery 0, faces 0, fader 0, fared 0, Gomez 0, grace 0, idled 0, Johns 0, Jukes 0, ladle 0, medic 0, Meyer 0, Minsk 0, Moore 0, Nehru 0, Patti 0, rabid 0, Romeo 0, Rosie 0, Royce 0, Sikhs 0, Telex 0, Terre 0, Thule 0, 
abbey 53, acrid 0, Altos 0, bacon 0, balsa 0, basal 0, befog 0, bicep 0, bilge 0, cages 0, Carty 0, catch 0, caved 0, chain 0, chalk 0, clean 0, creed 0, cubed 0, Cyril 0, dodge 0, elide 0, Elvis 0, facet 0, fades 0, Faust 0, flake 0, gamma 0, grade 0, hence 0, image 0, Indus 0, Italy 0, Jules 0, Julio 0, knead 0, lamed 0, lance 0, Levis 0, medal 0, Mizar 0, Monet 0, naked 0, Percy 0, Perth 0, raged 0, Raoul 0, reach 0, Soddy 0, Sybil 0, Tracy 0, Vichy 0, Walls 0, Wuhan 0, Xhosa 0, Yoder 0, 
aches 35, acids 0, agree 0, Ayers 0, backs 0, bathe 0, belle 0, biped 0, blabs 0, cacti 0, Cetus 0, chase 0, child 0, cliff 0, crack 0, Cuzco 0, dined 0, eager 0, Epsom 0, Errol 0, Ervin 0, Estes 0, fated 0, field 0, filed 0, Frito 0, Harpy 0, heard 0, Injun 0, laden 0, Lloyd 0, magna 0, niece 0, panda 0, Stacy 0, Tenex 0, Wayne 0, 
aired 44, aloha 0, amend 0, Aston 0, baker 0, bayed 0, beady 0, beefs 0, being 0, binge 0, blend 0, brake 0, break 0, Byers 0, cheat 0, clang 0, cocoa 0, Croix 0, deeds 0, diode 0, drama 0, Erwin 0, evade 0, flame 0, focal 0, Garry 0, gated 0, glide 0, heads 0, hiked 0, Junes 0, Juras 0, Kenny 0, legal 0, lilac 0, named 0, Nazis 0, place 0, Riley 0, salad 0, Sally 0, Santo 0, shade 0, teach 0, Texas 0, waded 0, 
abler 54, aging 0, alike 0, alpha 0, amain 0, aphid 0, aside 0, bakes 0, baler 0, beaks 0, blare 0, blear 0, bride 0, Bruno 0, canoe 0, chime 0, cigar 0, claim 0, click 0, Coors 0, creak 0, cubic 0, daddy 0, death 0, decay 0, defer 0, deuce 0, enema 0, fiend 0, fined 0, freed 0, gland 0, gleam 0, hated 0, ideas 0, Lenny 0, liege 0, Lilly 0, mania 0, Minos 0, Morse 0, Moser 0, Muong 0, ocean 0, paled 0, pedal 0, Perez 0, piece 0, plead 0, Ryder 0, Simon 0, Synge 0, Vicky 0, Volta 0, Yates 0, Yeats 0, 
afire 46, amber 0, angel 0, angle 0, anode 0, arena 0, Avery 0, bales 0, beget 0, Betsy 0, blase 0, brand 0, budge 0, cakes 0, chair 0, cheer 0, cider 0, clear 0, climb 0, cobra 0, cried 0, debug 0, deign 0, drake 0, feeds 0, Flynn 0, glean 0, greed 0, kneed 0, Moses 0, niche 0, Norse 0, Orion 0, Ozark 0, pagan 0, Pusan 0, raked 0, Rosen 0, sable 0, Sammy 0, scald 0, sheaf 0, Steve 0, Timex 0, Timon 0, Virgo 0, Wells 0, Wendy 0, 
abbot 47, adieu 0, alder 0, asked 0, bands 0, beams 0, Betty 0, birch 0, blank 0, bleat 0, board 0, boned 0, broad 0, chock 0, cream 0, dazed 0, debit 0, dogma 0, doled 0, dried 0, edges 0, Essex 0, fatal 0, fiber 0, flail 0, genie 0, Glynn 0, habit 0, hatch 0, Irvin 0, Jinny 0, knack 0, koala 0, laces 0, libel 0, Lotte 0, Lykes 0, macho 0, manic 0, Mundt 0, Muzak 0, Notre 0, Parrs 0, scale 0, sedge 0, Seoul 0, Syria 0, table 0, waged 0, 
aegis 49, alien 0, armed 0, Astor 0, awake 0, beans 0, blind 0, Bronx 0, caner 0, chefs 0, chili 0, cited 0, clank 0, crane 0, dales 0, deals 0, domed 0, dream 0, edict 0, Egypt 0, emacs 0, faker 0, feign 0, flick 0, freak 0, gauge 0, gecko 0, geese 0, Gerry 0, globe 0, heave 0, heeds 0, Irwin 0, leads 0, liked 0, maces 0, mamma 0, omega 0, radii 0, Sault 0, Saxon 0, sided 0, Simms 0, Slavs 0, Stans 0, Stone 0, Susie 0, Tonio 0, Tulsa 0, Wotan 0, Yaqui 0, 
adapt 44, alias 0, annal 0, baggy 0, banjo 0, barbs 0, befit 0, bitch 0, Byron 0, choke 0, clime 0, cloak 0, creek 0, dealt 0, decks 0, delta 0, easel 0, eerie 0, fakes 0, fetch 0, final 0, fired 0, flare 0, franc 0, fried 0, hacks 0, heath 0, Holst 0, icing 0, Jesus 0, Knuth 0, Kruse 0, Larry 0, lease 0, Lopez 0, plaid 0, Porte 0, radar 0, rebel 0, shack 0, Susan 0, tided 0, Vaduz 0, Wiley 0, Wylie 0, Ziggy 0, 
adore 57, align 0, ankle 0, bangs 0, basil 0, beefy 0, block 0, brick 0, calve 0, caper 0, charm 0, clash 0, comic 0, coped 0, crabs 0, deans 0, dirge 0, Downs 0, Dwyer 0, eject 0, Elroy 0, ember 0, enact 0, false 0, fauna 0, fleas 0, frame 0, fudge 0, gazed 0, glare 0, Groot 0, hinge 0, inane 0, inked 0, Kirov 0, lager 0, large 0, Leroy 0, Linus 0, local 0, lodge 0, march 0, mated 0, neigh 0, Olson 0, pacer 0, panic 0, pence 0, poach 0, Pratt 0, Quinn 0, regal 0, ridge 0, sedan 0, Solon 0, Sousa 0, tamed 0, Weiss 0, Wills 0, 
abhor 61, areas 0, badly 0, bards 0, barer 0, bends 0, berne 0, betel 0, biddy 0, bored 0, brain 0, capes 0, cargo 0, chasm 0, chill 0, clock 0, conic 0, dildo 0, ditch 0, dived 0, doped 0, drape 0, elder 0, Emory 0, Ernst 0, faith 0, fames 0, fetal 0, fetid 0, flank 0, Gipsy 0, Gorky 0, grand 0, haler 0, hired 0, holed 0, Huron 0, Jerry 0, latch 0, lemma 0, lined 0, Louis 0, mince 0, Moyer 0, Nixon 0, Owens 0, paces 0, Pliny 0, ranch 0, raped 0, Remus 0, robed 0, Scots 0, shake 0, space 0, Starr 0, Swink 0, waked 0, wedge 0, Woods 0, Wyman 0, Xenix 0, Yentl 0, 
above 58, afore 0, alarm 0, amigo 0, anger 0, avail 0, balks 0, bares 0, baser 0, basin 0, bears 0, belay 0, bloke 0, bodes 0, braes 0, cairn 0, cards 0, chink 0, clamp 0, cling 0, coder 0, comma 0, cored 0, dials 0, eaten 0, elect 0, ethic 0, facto 0, flags 0, games 0, Getty 0, grief 0, harem 0, heals 0, hewed 0, hides 0, homed 0, joked 0, kanji 0, kappa 0, knife 0, leash 0, leave 0, Marty 0, match 0, mined 0, modal 0, Molly 0, oiled 0, Orono 0, podia 0, racer 0, range 0, roach 0, saber 0, Scott 0, shale 0, shied 0, siege 0, Spiro 0, 
acres 60, adept 0, affix 0, aimer 0, aisle 0, amaze 0, balls 0, bandy 0, bases 0, bevel 0, bight 0, bikes 0, blaze 0, bobby 0, cares 0, chant 0, chaos 0, chuck 0, civic 0, cleft 0, codes 0, darer 0, deems 0, drain 0, ender 0, flair 0, flash 0, frail 0, guide 0, hands 0, Hetty 0, hoard 0, honed 0, Jessy 0, lacks 0, lapel 0, lathe 0, logic 0, maids 0, maybe 0, nadir 0, nodal 0, Noyes 0, oaken 0, obese 0, odder 0, papal 0, parch 0, piled 0, Piotr 0, plied 0, races 0, scare 0, scene 0, scuba 0, shame 0, slack 0, taped 0, tidal 0, Tudor 0, whack 0, Zeiss 0, 
abets 75, admit 0, agent 0, alone 0, ample 0, antic 0, aping 0, ashen 0, avian 0, award 0, axial 0, balms 0, baste 0, beast 0, beats 0, beeps 0, bingo 0, biota 0, blond 0, bluff 0, boric 0, brags 0, bugle 0, bulge 0, calls 0, candy 0, canon 0, caret 0, cases 0, cater 0, cavil 0, chaps 0, crank 0, crate 0, creep 0, crepe 0, dares 0, delay 0, dense 0, dosed 0, dunce 0, elude 0, epoch 0, erode 0, fails 0, fangs 0, feels 0, flees 0, flock 0, force 0, Fritz 0, gavel 0, grabs 0, grail 0, grape 0, irked 0, judge 0, kneel 0, lambs 0, maple 0, meted 0, mimic 0, nasal 0, needs 0, pager 0, radio 0, react 0, reads 0, recta 0, relic 0, rigid 0, scarf 0, smack 0, Spuds 0, Sykes 0, trace 0, waned 0, 
abuse 74, anise 0, aroma 0, aspic 0, aware 0, binds 0, blink 0, botch 0, brash 0, brave 0, briar 0, brine 0, build 0, bunch 0, calms 0, caste 0, caulk 0, chord 0, clams 0, craft 0, crags 0, crime 0, croak 0, cycle 0, dandy 0, dater 0, delve 0, dikes 0, doted 0, drank 0, erase 0, fixed 0, fleet 0, fling 0, gangs 0, gapes 0, glees 0, halve 0, hitch 0, hoped 0, idler 0, infra 0, juice 0, Knott 0, labor 0, lakes 0, lazed 0, leaks 0, Linux 0, maker 0, merge 0, Moors 0, Myers 0, natal 0, noble 0, pages 0, panel 0, patch 0, paved 0, penal 0, picas 0, pined 0, plane 0, rapid 0, rated 0, Rossi 0, Sepoy 0, skied 0, slice 0, snack 0, thief 0, Timmy 0, trade 0, tread 0, Tyler 0, valid 0, 
album 76, alive 0, along 0, aloof 0, begot 0, begun 0, bowed 0, Burtt 0, carol 0, carve 0, cause 0, chars 0, chore 0, clerk 0, clink 0, clone 0, coral 0, crash 0, crave 0, dates 0, deeps 0, deify 0, digit 0, dingo 0, doing 0, draft 0, drags 0, eases 0, eater 0, eight 0, excel 0, facts 0, fancy 0, fares 0, fears 0, fifth 0, flask 0, fumed 0, genre 0, giddy 0, glued 0, gnash 0, grain 0, green 0, hails 0, hangs 0, havoc 0, heaps 0, heels 0, Horus 0, idles 0, jeans 0, kited 0, laugh 0, leafy 0, levee 0, lucid 0, makes 0, mired 0, model 0, nicer 0, Ozzie 0, Patsy 0, phase 0, realm 0, safer 0, sated 0, sauce 0, scoff 0, shape 0, sigma 0, slide 0, speed 0, stead 0, Venus 0, whale 0, Willy 0, Wyeth 0, 
acute 80, after 0, agers 0, among 0, apple 0, audio 0, baron 0, basis 0, baths 0, bells 0, beret 0, bloat 0, blobs 0, boxed 0, bring 0, caves 0, chart 0, chose 0, cluck 0, coals 0, couch 0, cowed 0, crock 0, cubes 0, debts 0, dimes 0, diner 0, divan 0, erred 0, Exxon 0, faint 0, falls 0, fight 0, filer 0, flesh 0, flier 0, frank 0, fraud 0, gains 0, gears 0, genes 0, graph 0, haven 0, horde 0, idiom 0, keyed 0, lames 0, lands 0, learn 0, lifer 0, macro 0, males 0, meals 0, mewed 0, modem 0, naval 0, offer 0, olden 0, packs 0, paddy 0, perch 0, Perry 0, pinch 0, piped 0, Quito 0, rages 0, raved 0, renal 0, rifle 0, safes 0, Savoy 0, sepia 0, shard 0, shelf 0, since 0, snake 0, sneak 0, Stowe 0, tease 0, tilde 0, tiled 0, Turin 0, 
acorn 81, admix 0, airer 0, allay 0, avoid 0, baits 0, balky 0, barks 0, beets 0, beset 0, blocs 0, bombs 0, broke 0, bused 0, cells 0, claps 0, clasp 0, cocks 0, cramp 0, cribs 0, crude 0, cured 0, daily 0, damns 0, demon 0, dines 0, elite 0, erect 0, fates 0, feast 0, feats 0, files 0, flies 0, fluff 0, forge 0, galls 0, gases 0, giant 0, gilds 0, glaze 0, grate 0, great 0, guard 0, gulch 0, hares 0, hears 0, hiker 0, jails 0, lanes 0, leans 0, liken 0, limbo 0, loads 0, metal 0, naive 0, namer 0, nonce 0, nudge 0, octal 0, payed 0, poked 0, price 0, quaff 0, raids 0, reeds 0, sages 0, saved 0, scalp 0, share 0, shear 0, sheen 0, shoed 0, skiff 0, Solly 0, taken 0, theme 0, thick 0, timed 0, Tunis 0, wader 0, Watts 0, which 0, Zions 0, 
adorn 79, aloes 0, altar 0, amino 0, argue 0, arise 0, ashes 0, auger 0, awash 0, baton 0, birds 0, blimp 0, braze 0, breve 0, camps 0, combs 0, decoy 0, dells 0, deter 0, devil 0, dicky 0, docks 0, dwarf 0, earth 0, eaves 0, epics 0, felon 0, finds 0, finer 0, flood 0, flora 0, fluid 0, freer 0, friar 0, going 0, gorge 0, graft 0, grime 0, grind 0, halls 0, handy 0, hater 0, hazel 0, heart 0, hello 0, herbs 0, hikes 0, hobby 0, infer 0, keels 0, lived 0, manes 0, means 0, names 0, necks 0, paler 0, peaks 0, pearl 0, plain 0, Pluto 0, poled 0, Porto 0, pride 0, racks 0, radon 0, raise 0, refer 0, sawed 0, seeds 0, shall 0, sheik 0, sleek 0, speak 0, spice 0, staff 0, stage 0, thigh 0, undid 0, wades 0, weigh 0, zebra 0, 
aloud 72, amass 0, anion 0, apish 0, atlas 0, attic 0, aural 0, balmy 0, berth 0, bigot 0, bilks 0, bough 0, canto 0, casks 0, chins 0, choir 0, clods 0, cokes 0, colds 0, copra 0, craze 0, crier 0, culpa 0, depth 0, dregs 0, elope 0, exact 0, fairs 0, fines 0, frees 0, frock 0, grave 0, guild 0, haste 0, hates 0, heats 0, hyena 0, irate 0, kicks 0, knave 0, lapse 0, leaps 0, lobes 0, Lyons 0, meant 0, Missy 0, moped 0, Myron 0, needy 0, pales 0, peals 0, pleas 0, quack 0, ready 0, reefs 0, reign 0, Rufus 0, sacks 0, scold 0, sheep 0, slang 0, staid 0, steed 0, Strom 0, taboo 0, tacit 0, track 0, usage 0, vocal 0, wafer 0, wench 0, wheel 0, wield 0, Wyner 0, 
aloft 82, arbor 0, asker 0, await 0, barns 0, bills 0, biter 0, blast 0, bonds 0, boner 0, borne 0, brood 0, buffs 0, chess 0, chirp 0, class 0, close 0, comer 0, cough 0, crams 0, cries 0, cynic 0, Cyrus 0, derby 0, discs 0, dozed 0, drier 0, Drury 0, elegy 0, flaps 0, float 0, foams 0, gaily 0, gnome 0, goals 0, guile 0, harsh 0, herds 0, hunch 0, Hurst 0, knees 0, knell 0, knock 0, Kyoto 0, larva 0, leaky 0, leapt 0, lends 0, licks 0, linen 0, lithe 0, mails 0, maize 0, navel 0, older 0, pecks 0, petal 0, plank 0, plate 0, pleat 0, Pusey 0, rakes 0, retch 0, rider 0, scram 0, shaft 0, shred 0, singe 0, slick 0, sniff 0, speck 0, stack 0, taxed 0, thank 0, Tokyo 0, tribe 0, Upton 0, voice 0, Volvo 0, wager 0, waken 0, wince 0, Xerox 0, Yukon 0, 
afoul 80, alley 0, aorta 0, argon 0, armer 0, aspen 0, atone 0, audit 0, awoke 0, axing 0, bawdy 0, bites 0, blurb 0, bones 0, chest 0, chips 0, civil 0, cloud 0, comes 0, could 0, cuffs 0, doles 0, dough 0, dries 0, drill 0, earls 0, exile 0, feuds 0, filth 0, flaky 0, fluke 0, fused 0, gloat 0, gouge 0, greet 0, gripe 0, groan 0, hairs 0, haves 0, heres 0, humid 0, impel 0, jeeps 0, jewel 0, laser 0, limbs 0, madly 0, maims 0, mends 0, mixed 0, Monty 0, nails 0, oaten 0, opera 0, organ 0, panes 0, piano 0, polka 0, quake 0, reals 0, rides 0, sakes 0, shave 0, sheds 0, sheer 0, shine 0, shoal 0, sired 0, slain 0, snail 0, taker 0, timid 0, tinge 0, uncle 0, urged 0, video 0, wages 0, watch 0, waved 0, widen 0, wined 0, yield 0, 
abort 80, adopt 0, alert 0, alter 0, apart 0, ardor 0, belly 0, bound 0, brawl 0, broil 0, bucks 0, buddy 0, bulbs 0, cites 0, clogs 0, comet 0, cones 0, darns 0, domes 0, drink 0, drone 0, dwell 0, equal 0, ether 0, fever 0, firer 0, folds 0, fresh 0, gayer 0, hardy 0, hells 0, hydra 0, index 0, jiffy 0, keeps 0, later 0, leper 0, level 0, light 0, likes 0, livid 0, loath 0, lobby 0, Luzon 0, mains 0, mares 0, mealy 0, modes 0, nicks 0, paper 0, paten 0, peeks 0, pitch 0, plaza 0, probe 0, Pyrex 0, radix 0, repel 0, sales 0, scans 0, seals 0, sewed 0, shell 0, shock 0, sides 0, Sioux 0, skate 0, smear 0, stake 0, steak 0, takes 0, there 0, three 0, tired 0, tried 0, Trudy 0, urban 0, vague 0, villa 0, weave 0, weeds 0, wharf 0, 
actor 91, afoot 0, aught 0, bawls 0, below 0, birth 0, bless 0, bloom 0, boast 0, boils 0, bowel 0, canny 0, chunk 0, chute 0, clove 0, clubs 0, clung 0, cocky 0, crawl 0, crumb 0, dairy 0, diary 0, diets 0, drift 0, earns 0, edits 0, elbow 0, farms 0, fewer 0, fires 0, fries 0, frill 0, fungi 0, gazer 0, given 0, glens 0, golds 0, graze 0, grids 0, human 0, idiot 0, inker 0, jeers 0, kinds 0, least 0, lingo 0, login 0, major 0, mater 0, might 0, nears 0, nodes 0, nosed 0, oxide 0, pails 0, pangs 0, peels 0, pooch 0, prick 0, prima 0, roads 0, rodeo 0, sands 0, saner 0, scant 0, scrap 0, seams 0, serif 0, sexed 0, shady 0, shark 0, sheet 0, sited 0, slate 0, sleep 0, small 0, snare 0, stale 0, steal 0, sumac 0, tales 0, tamer 0, these 0, tides 0, Titus 0, tweed 0, verge 0, vitae 0, waxed 0, wheat 0, while 0, wiped 0, Wyatt 0, 
adult 77, aglow 0, annex 0, anvil 0, arose 0, ascot 0, avant 0, belts 0, blips 0, bluer 0, borer 0, bravo 0, brawn 0, chews 0, claws 0, cloth 0, coast 0, coats 0, coils 0, copes 0, copse 0, daisy 0, desks 0, diver 0, doper 0, drawl 0, drive 0, ducks 0, evoke 0, fills 0, flats 0, freon 0, gaudy 0, gazes 0, glass 0, grams 0, grill 0, gruff 0, guano 0, helix 0, hirer 0, holds 0, igloo 0, limes 0, liner 0, loved 0, lunch 0, mates 0, meats 0, micro 0, night 0, noted 0, ounce 0, pends 0, phone 0, picks 0, plait 0, pored 0, Potts 0, preen 0, raper 0, robin 0, roped 0, ruble 0, scope 0, seedy 0, slime 0, smile 0, spend 0, Spitz 0, stand 0, steam 0, tames 0, teams 0, teeth 0, thing 0, toned 0, vices 0, wreak 0, 
about 85, amuse 0, askew 0, bison 0, blues 0, bores 0, brass 0, brisk 0, civet 0, clips 0, colon 0, cords 0, corer 0, cruel 0, datum 0, dingy 0, dives 0, dopes 0, dowel 0, dying 0, evict 0, fairy 0, films 0, foods 0, gills 0, goner 0, harms 0, hazes 0, heirs 0, hewer 0, hires 0, holes 0, homer 0, idols 0, joker 0, lairs 0, lemon 0, liars 0, liens 0, lines 0, marsh 0, melon 0, minds 0, miner 0, molar 0, moral 0, moved 0, munch 0, oases 0, oiler 0, pacts 0, pains 0, pares 0, parse 0, pears 0, piker 0, posed 0, rails 0, rapes 0, reaps 0, reels 0, robes 0, salve 0, seeks 0, shire 0, slash 0, slave 0, sleds 0, sober 0, solid 0, spare 0, spear 0, Sturm 0, sulfa 0, theft 0, third 0, tiger 0, toads 0, ulcer 0, vales 0, Vitus 0, wakes 0, weird 0, where 0, whine 0, wider 0, wired 0, 
allot 86, atoll 0, auras 0, booth 0, borax 0, brats 0, clays 0, clues 0, coins 0, cores 0, crass 0, daunt 0, depot 0, drawn 0, dukes 0, eying 0, fault 0, flung 0, foamy 0, foggy 0, found 0, fugue 0, gauze 0, goods 0, grant 0, halts 0, helps 0, heron 0, hills 0, homes 0, honer 0, hotel 0, hutch 0, icons 0, inlet 0, inner 0, jokes 0, kings 0, locks 0, lured 0, maxim 0, mines 0, mowed 0, notch 0, occur 0, oddly 0, often 0, opted 0, order 0, paint 0, passe 0, peril 0, pikes 0, porch 0, prank 0, prate 0, quail 0, rarer 0, raven 0, relax 0, rends 0, ruled 0, Russo 0, sails 0, scaly 0, scars 0, score 0, shams 0, shies 0, shill 0, sieve 0, smash 0, sofas 0, sonic 0, spike 0, stiff 0, taper 0, their 0, trail 0, trial 0, twice 0, valet 0, vexed 0, wagon 0, waive 0, wales 0, wised 0, wreck 0, 
alkyl 85, amiss 0, angst 0, argot 0, axles 0, bliss 0, brook 0, bursa 0, carts 0, cents 0, chops 0, dawns 0, demur 0, doers 0, droll 0, duchy 0, duels 0, early 0, ebony 0, endow 0, fives 0, flaws 0, flint 0, foils 0, gator 0, gifts 0, giver 0, glove 0, gnats 0, goose 0, grasp 0, grope 0, guise 0, hairy 0, hauls 0, heavy 0, hones 0, hoods 0, inlay 0, jumbo 0, knobs 0, lamps 0, larks 0, layer 0, loans 0, Lowry 0, manor 0, meter 0, mocks 0, nines 0, owned 0, palms 0, paste 0, patio 0, peeps 0, piles 0, plies 0, prime 0, psalm 0, quick 0, rains 0, rears 0, relay 0, sadly 0, salon 0, scent 0, seems 0, sends 0, shone 0, sleet 0, sling 0, smell 0, smock 0, snafu 0, sneer 0, spank 0, spate 0, stabs 0, steel 0, tails 0, tapes 0, tonic 0, trend 0, trick 0, Tyson 0, value 0, vanes 0, 
agony 84, annul 0, axiom 0, beryl 0, books 0, buggy 0, casts 0, crept 0, croft 0, crook 0, darts 0, dents 0, disks 0, dolls 0, doses 0, doubt 0, enemy 0, enter 0, exalt 0, exams 0, expel 0, favor 0, felts 0, ferns 0, fixer 0, flips 0, fords 0, gasps 0, germs 0, girth 0, gives 0, glint 0, gloom 0, goats 0, gongs 0, goofs 0, guyed 0, haply 0, hawks 0, hound 0, hovel 0, infix 0, knelt 0, lever 0, lurch 0, lynch 0, mason 0, meets 0, metes 0, moans 0, mused 0, noise 0, odium 0, pause 0, phyla 0, plans 0, polar 0, punch 0, Pyotr 0, queen 0, randy 0, rater 0, revel 0, right 0, ripen 0, rival 0, sealy 0, sense 0, sharp 0, shift 0, sighs 0, squad 0, stick 0, Sylow 0, teems 0, tends 0, think 0, ticks 0, tithe 0, tract 0, train 0, under 0, vacuo 0, valve 0, wanes 0, wooed 0, 
abuts 89, allow 0, annum 0, array 0, asses 0, aster 0, awful 0, booze 0, bower 0, broom 0, broth 0, bylaw 0, color 0, cooks 0, cover 0, crowd 0, curbs 0, deity 0, dimly 0, dotes 0, dunes 0, elves 0, ennui 0, fawns 0, femur 0, fiery 0, fixes 0, folks 0, frisk 0, fuels 0, gaunt 0, godly 0, groin 0, hoofs 0, hopes 0, jerks 0, joule 0, kills 0, limit 0, masks 0, molds 0, motif 0, muted 0, oasis 0, oaths 0, octet 0, olive 0, opals 0, optic 0, pairs 0, paves 0, peers 0, penis 0, pines 0, plant 0, pluck 0, pouch 0, ranks 0, rates 0, ratio 0, saint 0, sandy 0, satin 0, scrub 0, seamy 0, shawl 0, sight 0, sized 0, skies 0, skill 0, smoke 0, snark 0, snipe 0, spine 0, spree 0, stain 0, stalk 0, stare 0, talks 0, tears 0, teens 0, tense 0, throb 0, topic 0, Topsy 0, vials 0, wacky 0, welds 0, whole 0, witch 0, yearn 0, 
apron 80, apsis 0, asset 0, bayou 0, bogus 0, bosom 0, boxer 0, built 0, churn 0, cools 0, coves 0, cower 0, dover 0, dozen 0, drool 0, drove 0, dwelt 0, ensue 0, filly 0, flute 0, focus 0, forte 0, fumes 0, funds 0, glues 0, gnaws 0, grass 0, haunt 0, hefty 0, hippo 0, inept 0, isles 0, ivies 0, jelly 0, kites 0, knoll 0, liter 0, loner 0, mazes 0, meaty 0, mercy 0, milks 0, minis 0, mires 0, miser 0, moles 0, movie 0, nerve 0, never 0, orbit 0, paths 0, picky 0, piggy 0, plumb 0, poise 0, qualm 0, rafts 0, redly 0, rhino 0, rinds 0, roved 0, sates 0, seats 0, seeps 0, seize 0, shaky 0, slams 0, snarl 0, spell 0, stall 0, taint 0, thong 0, thumb 0, tight 0, torch 0, treat 0, tuned 0, vital 0, wails 0, whelp 0, width 0, zoned 0, 
alloy 87, angry 0, armor 0, assay 0, avers 0, bests 0, boxes 0, brays 0, bulks 0, carry 0, clump 0, covet 0, crest 0, crisp 0, doves 0, draws 0, dress 0, evens 0, fasts 0, firms 0, flirt 0, foray 0, frogs 0, girls 0, gourd 0, gulfs 0, horse 0, hymen 0, incur 0, ingot 0, islet 0, kiosk 0, leery 0, links 0, loyal 0, malts 0, manly 0, memos 0, merit 0, midst 0, miter 0, motel 0, mould 0, muffs 0, mural 0, music 0, newer 0, ninth 0, oozed 0, payer 0, pipes 0, poker 0, rangy 0, raves 0, rawer 0, recur 0, reins 0, remit 0, renew 0, repay 0, resin 0, rinse 0, risen 0, rowed 0, rupee 0, saver 0, seven 0, shirk 0, shore 0, siren 0, soaks 0, solar 0, spark 0, state 0, steep 0, stile 0, swami 0, tanks 0, taste 0, tiles 0, timer 0, today 0, token 0, twang 0, undue 0, versa 0, wards 0, white 0, wicks 0, 
abyss 73, avert 0, blown 0, brute 0, bulls 0, buses 0, coons 0, corks 0, cures 0, curse 0, donor 0, dooms 0, drips 0, emits 0, event 0, fifty 0, floor 0, flush 0, flyer 0, genus 0, goody 0, happy 0, hoses 0, inert 0, inter 0, items 0, jaunt 0, junta 0, lasso 0, lifts 0, liver 0, Lizzy 0, loose 0, lucks 0, lunar 0, meson 0, minks 0, moods 0, obeys 0, omens 0, other 0, pixel 0, pokes 0, quash 0, queer 0, roams 0, rocks 0, rogue 0, rouge 0, saves 0, scary 0, sects 0, seers 0, shoes 0, sines 0, slant 0, smite 0, snuff 0, spoke 0, stags 0, sugar 0, swain 0, swear 0, times 0, title 0, trash 0, tuber 0, vases 0, verbs 0, vivid 0, voted 0, walks 0, wares 0, wears 0, woman 0, 
amply 65, arson 0, axers 0, brews 0, bunks 0, clown 0, culls 0, ducts 0, evils 0, fishy 0, fools 0, froth 0, gawky 0, grins 0, grove 0, grubs 0, hoary 0, honey 0, inset 0, joins 0, lives 0, longs 0, lying 0, lyric 0, moose 0, mound 0, muddy 0, onion 0, piers 0, plume 0, poles 0, polio 0, purge 0, quasi 0, quell 0, rainy 0, ramps 0, reset 0, rigor 0, rings 0, sells 0, serfs 0, slaps 0, slope 0, socks 0, sonar 0, spire 0, stair 0, stave 0, steer 0, tangy 0, tenth 0, those 0, touch 0, towed 0, trees 0, truce 0, tubes 0, tunic 0, twain 0, urine 0, veils 0, water 0, waxen 0, welsh 0, yards 0, Zulus 0, 
amity 74, amour 0, atoms 0, augur 0, berry 0, blots 0, briny 0, brush 0, butte 0, coops 0, crews 0, ditto 0, dolly 0, drily 0, droop 0, drunk 0, dulls 0, equip 0, extra 0, finny 0, flops 0, goofy 0, groom 0, hilts 0, hooks 0, house 0, hover 0, jenny 0, joint 0, juicy 0, lords 0, mirth 0, moats 0, nobly 0, noose 0, novel 0, owing 0, petri 0, pills 0, pique 0, poems 0, ponds 0, prone 0, puffs 0, quark 0, rally 0, reuse 0, sayer 0, scoop 0, screw 0, shook 0, shrub 0, signs 0, sings 0, skimp 0, spasm 0, spies 0, spill 0, stock 0, suave 0, swank 0, sweat 0, sweep 0, tardy 0, tells 0, thats 0, total 0, trait 0, tramp 0, trued 0, valor 0, waste 0, weeps 0, wiles 0, years 0, zonal 0, 
annoy 66, blitz 0, blunt 0, colts 0, cooky 0, corns 0, crush 0, curve 0, dozes 0, drugs 0, enjoy 0, essay 0, foist 0, forks 0, foxes 0, frays 0, ghost 0, grips 0, guilt 0, jerky 0, lawns 0, limps 0, lions 0, loins 0, loser 0, melts 0, minor 0, mixer 0, numbs 0, opens 0, ovals 0, pinks 0, queue 0, rhyme 0, riser 0, roles 0, rough 0, saucy 0, scorn 0, serve 0, sever 0, shove 0, smelt 0, smith 0, snaps 0, spans 0, spite 0, sprig 0, stamp 0, stark 0, sting 0, taxes 0, tombs 0, toyed 0, unite 0, untie 0, veers 0, veins 0, venom 0, verse 0, vines 0, voids 0, vouch 0, vowed 0, waver 0, whore 0, winds 0, winer 0, 
bribe 57, apply 0, dirts 0, flown 0, folly 0, froze 0, fuses 0, gayly 0, harry 0, hints 0, honor 0, hydro 0, kinky 0, locus 0, loses 0, milky 0, mixes 0, month 0, mores 0, mules 0, pants 0, pound 0, prong 0, proof 0, rises 0, robot 0, rural 0, sewer 0, silks 0, sinew 0, sires 0, smirk 0, soaps 0, soles 0, squid 0, stoke 0, suing 0, surge 0, swine 0, tally 0, tasks 0, trier 0, typed 0, unfit 0, urges 0, using 0, viper 0, visas 0, vogue 0, waves 0, whirl 0, whisk 0, whose 0, wines 0, women 0, wrath 0, yanks 0, yeast 0, 
azure 57, blows 0, bonus 0, boost 0, boots 0, bowls 0, bulky 0, bumps 0, buyer 0, bytes 0, clout 0, corps 0, crops 0, doors 0, dyers 0, fetus 0, floss 0, forms 0, gassy 0, golly 0, guess 0, gulls 0, hoist 0, lasts 0, marts 0, metro 0, odors 0, ought 0, psych 0, quill 0, rites 0, roars 0, royal 0, rumen 0, salts 0, ships 0, sills 0, skims 0, slats 0, smart 0, snore 0, sperm 0, spoil 0, spoof 0, stole 0, swell 0, thaws 0, tiers 0, tires 0, tough 0, tries 0, trill 0, twine 0, usher 0, vigor 0, vista 0, waxer 0, wiper 0, wring 0, 
brown 70, bully 0, cowls 0, drops 0, exert 0, eyers 0, fatty 0, ferry 0, first 0, fitly 0, flour 0, gloss 0, guest 0, holly 0, hulls 0, hyper 0, lofts 0, looks 0, louse 0, lover 0, lucky 0, masts 0, mayor 0, menus 0, modus 0, money 0, monks 0, moody 0, noses 0, pelts 0, pilot 0, quiet 0, quite 0, rants 0, river 0, rocky 0, roper 0, round 0, ruddy 0, scoot 0, scowl 0, sexes 0, sinks 0, sites 0, skins 0, slept 0, smote 0, soars 0, spicy 0, still 0, stuff 0, swamp 0, sweet 0, swing 0, swipe 0, tenor 0, thuds 0, tills 0, toner 0, ultra 0, vapor 0, waist 0, waits 0, waxes 0, weary 0, whims 0, wings 0, wipes 0, wombs 0, world 0, 
axons 52, blurt 0, count 0, crazy 0, crown 0, curls 0, dumps 0, fists 0, forum 0, fouls 0, front 0, gravy 0, grist 0, grits 0, hasty 0, hoops 0, hunks 0, issue 0, jests 0, knits 0, loves 0, lower 0, lungs 0, mouse 0, mover 0, notes 0, onset 0, palsy 0, pawns 0, plays 0, pores 0, poser 0, prose 0, pulse 0, rasps 0, roast 0, roofs 0, ropes 0, shrew 0, shrug 0, slung 0, soggy 0, solve 0, sound 0, spawn 0, spore 0, stink 0, stood 0, sucks 0, taxis 0, tones 0, treks 0, truck 0, union 0, 
brief 56, aptly 0, burns 0, cross 0, drown 0, dully 0, error 0, fonts 0, fruit 0, horns 0, jolly 0, looms 0, lymph 0, moves 0, mower 0, nifty 0, nooks 0, opium 0, parts 0, penny 0, photo 0, pinto 0, plunk 0, point 0, polls 0, poses 0, posse 0, prize 0, proud 0, prune 0, pupil 0, quota 0, rivet 0, ruler 0, shirt 0, shorn 0, skips 0, skulk 0, sloth 0, soils 0, songs 0, spent 0, strap 0, stuck 0, suite 0, swarm 0, tempt 0, threw 0, toper 0, traps 0, tucks 0, tuple 0, usual 0, warms 0, widow 0, wires 0, wiser 0, 
arrow 58, aunts 0, brunt 0, burnt 0, bushy 0, buxom 0, corny 0, cults 0, drums 0, every 0, flows 0, fowls 0, growl 0, gulps 0, humor 0, imply 0, irons 0, junks 0, lisps 0, lures 0, marry 0, mints 0, moron 0, multi 0, north 0, outdo 0, ovens 0, owner 0, ozone 0, pansy 0, pasts 0, peony 0, perky 0, piety 0, plugs 0, poets 0, prism 0, rules 0, savor 0, shiny 0, skull 0, slips 0, sorer 0, terms 0, thorn 0, thugs 0, toast 0, toils 0, tongs 0, towel 0, tying 0, unify 0, vexes 0, wanly 0, warns 0, whips 0, windy 0, would 0, write 0, yokes 0, 
brier 55, autos 0, bunny 0, bunts 0, burps 0, byway 0, costs 0, dirty 0, dummy 0, extol 0, fount 0, frown 0, fully 0, glows 0, guyer 0, jolts 0, lulls 0, minus 0, moist 0, moons 0, nymph 0, omits 0, panty 0, plush 0, prior 0, prove 0, quirk 0, rents 0, reply 0, rerun 0, risks 0, rolls 0, roses 0, scour 0, serum 0, silky 0, sixes 0, skunk 0, slays 0, soapy 0, sores 0, spilt 0, split 0, spook 0, stems 0, stern 0, swans 0, taunt 0, twill 0, until 0, upper 0, vault 0, whirr 0, whorl 0, winks 0, wooer 0, 
brigs 50, bouts 0, brows 0, court 0, exist 0, exits 0, glory 0, group 0, grown 0, gully 0, hertz 0, hoots 0, howls 0, known 0, loops 0, lutes 0, mouth 0, mucus 0, muses 0, nests 0, noons 0, nurse 0, pools 0, power 0, press 0, print 0, quart 0, salty 0, shoot 0, shops 0, silly 0, skews 0, skirt 0, sloop 0, sooth 0, spins 0, spool 0, stars 0, store 0, swift 0, synod 0, troll 0, vowel 0, wants 0, warps 0, whoop 0, wound 0, wraps 0, wrong 0, yarns 0, yelps 0, 
burly 45, burrs 0, crows 0, cusps 0, ditty 0, forts 0, frost 0, gowns 0, gross 0, husks 0, lofty 0, nulls 0, otter 0, parry 0, peppy 0, phony 0, pints 0, pithy 0, pizza 0, plump 0, purer 0, quote 0, razor 0, rouse 0, rover 0, scout 0, sizes 0, slimy 0, slugs 0, squat 0, start 0, swaps 0, swish 0, tents 0, thump 0, tolls 0, tooth 0, tulip 0, tuner 0, twigs 0, vaunt 0, views 0, wasps 0, wives 0, woofs 0, 
curly 41, empty 0, fours 0, hymns 0, jumps 0, knots 0, lists 0, merry 0, mommy 0, nasty 0, newly 0, norms 0, outer 0, pests 0, posit 0, purse 0, quilt 0, rawly 0, route 0, roves 0, rower 0, rungs 0, servo 0, shown 0, silts 0, slits 0, snoop 0, spoon 0, spray 0, steps 0, super 0, sword 0, trims 0, tunes 0, unary 0, visit 0, vomit 0, words 0, woven 0, wrens 0, zones 0, 
brink 27, avows 0, burst 0, butyl 0, coypu 0, dusky 0, erupt 0, funny 0, grunt 0, horny 0, hotly 0, input 0, mists 0, nylon 0, overt 0, party 0, pious 0, pulls 0, rooms 0, short 0, sixth 0, solos 0, stilt 0, swore 0, tilts 0, vents 0, voter 0, worse 0, 
busts 44, crust 0, downy 0, envoy 0, gunny 0, hosts 0, hours 0, irony 0, junky 0, loots 0, lumps 0, lurks 0, messy 0, motor 0, mourn 0, ovary 0, plums 0, quint 0, quoth 0, rests 0, riots 0, romps 0, ruins 0, setup 0, shots 0, shuns 0, slops 0, slump 0, spunk 0, squaw 0, stool 0, stove 0, straw 0, stubs 0, stung 0, style 0, swirl 0, tools 0, tower 0, tress 0, upset 0, votes 0, warts 0, wrote 0, 
buoys 31, butts 0, crypt 0, entry 0, exult 0, grows 0, gusto 0, hunts 0, juror 0, knows 0, noisy 0, patty 0, pivot 0, plots 0, quest 0, risky 0, shunt 0, sinus 0, stint 0, strip 0, sulks 0, tarry 0, tinny 0, tints 0, trips 0, truer 0, twirl 0, users 0, waltz 0, woody 0, young 0, 
dusts 30, mixup 0, motto 0, mount 0, musks 0, nouns 0, preys 0, satyr 0, shout 0, sirup 0, smoky 0, south 0, spiny 0, spits 0, stomp 0, stork 0, stray 0, studs 0, swept 0, swims 0, tawny 0, tests 0, trays 0, trues 0, units 0, visor 0, vower 0, wilts 0, wrung 0, zeros 0, 
dryly 15, forty 0, husky 0, props 0, prowl 0, shows 0, slums 0, stays 0, swung 0, throw 0, troop 0, trunk 0, utter 0, wools 0, worth 0, 
curry 22, dowry 0, joust 0, jumpy 0, kitty 0, mummy 0, plows 0, pumps 0, rowdy 0, rumor 0, slots 0, stirs 0, stoop 0, storm 0, strew 0, styli 0, twins 0, types 0, vests 0, wetly 0, wordy 0, wrest 0, 
cysts 20, gusts 0, hurts 0, misty 0, mushy 0, petty 0, pygmy 0, query 0, quits 0, retry 0, roomy 0, rotor 0, slurp 0, snort 0, souls 0, stews 0, swoon 0, tufts 0, wisps 0, works 0, 
lotus 10, lowly 0, lumpy 0, ploys 0, roost 0, roots 0, shuts 0, sonny 0, truth 0, tumor 0, 
furry 18, jazzy 0, lorry 0, murky 0, nitty 0, poppy 0, ports 0, slows 0, sport 0, spurn 0, suits 0, sulky 0, swoop 0, texts 0, trump 0, volts 0, worms 0, zooms 0, 
dusty 18, ivory 0, posts 0, pours 0, shyly 0, slurs 0, snout 0, spots 0, stops 0, study 0, stump 0, swiss 0, sworn 0, unity 0, virus 0, wrist 0, writs 0, youth 0, 
dizzy 10, fussy 0, hurry 0, lossy 0, privy 0, punts 0, rummy 0, showy 0, snows 0, soups 0, 
lusts 8, mossy 0, pouts 0, prows 0, sorts 0, spout 0, towns 0, twist 0, 
gusty 9, gutsy 0, gypsy 0, lousy 0, musts 0, purrs 0, sours 0, trots 0, turns 0, 
mousy 7, slyly 0, spurs 0, stony 0, sunny 0, torus 0, tours 0, 
puppy 5, spurt 0, stunt 0, trout 0, tutor 0, 
sorry 5, stout 0, surly 0, usurp 0, worst 0, 
snowy 2, truly 0, 
lusty 5, rusts 0, sixty 0, story 0, witty 0, 
musty 5, proxy 0, strut 0, trust 0, yours 0, 
syrup 2, worry 0, 
buzzy 2, pussy 0, 
putty 1, 
rusty 1, 
fuzzy 1, 
